<?xml version="1.0" encoding="UTF-8"?>
<!-- Generated by org.testng.reporters.JUnitReportReporter -->
<testsuite name="test.TestcaseCreation" tests="1" time="67.740" ignored="0" failures="0" timestamp="01 Apr 2020 18:45:52 GMT" skipped="0" hostname="ZS-LP-0004" errors="0">
  <testcase name="testCaseCreation" time="67.740" classname="test.TestcaseCreation"/>
</testsuite> <!-- test.TestcaseCreation -->
