<?xml version="1.0" encoding="UTF-8"?>
<!-- Generated by org.testng.reporters.JUnitReportReporter -->
<testsuite name="frameWork.DBTest" tests="1" time="0.007" ignored="0" failures="0" timestamp="02 Apr 2020 12:45:13 GMT" skipped="0" hostname="ZS-LP-0004" errors="0">
  <testcase name="test" time="0.007" classname="frameWork.DBTest"/>
</testsuite> <!-- frameWork.DBTest -->
